# JRE version: Java(TM) SE Runtime Environment (8.0_311-b11) (build 1.8.0_311-b11)
# Java VM: Java HotSpot(TM) 64-Bit Server VM (25.311-b11 mixed mode windows-amd64 compressed oops)
Heap:
 PSYoungGen      total 141824K, used 88569K [0x000000076b200000, 0x000000077c800000, 0x00000007c0000000)
  eden space 131072K, 61% used [0x000000076b200000,0x0000000770153960,0x0000000773200000)
  from space 10752K, 68% used [0x0000000773200000,0x000000077392ab60,0x0000000773c80000)
  to   space 11264K, 0% used [0x000000077bd00000,0x000000077bd00000,0x000000077c800000)
 ParOldGen       total 175104K, used 6200K [0x00000006c1600000, 0x00000006cc100000, 0x000000076b200000)
  object space 175104K, 3% used [0x00000006c1600000,0x00000006c1c0e030,0x00000006cc100000)
 Metaspace       used 17790K, capacity 18900K, committed 18944K, reserved 1064960K
  class space    used 2582K, capacity 2816K, committed 2816K, reserved 1048576K
GC Heap History (10 events):
Event: 20.793 GC heap before
{Heap before GC invocations=1 (full 0):
 PSYoungGen      total 76288K, used 65448K [0x000000076b200000, 0x0000000770700000, 0x00000007c0000000)
  eden space 65536K, 99% used [0x000000076b200000,0x000000076f1ea088,0x000000076f200000)
  from space 10752K, 0% used [0x000000076fc80000,0x000000076fc80000,0x0000000770700000)
  to   space 10752K, 0% used [0x000000076f200000,0x000000076f200000,0x000000076fc80000)
 ParOldGen       total 175104K, used 0K [0x00000006c1600000, 0x00000006cc100000, 0x000000076b200000)
  object space 175104K, 0% used [0x00000006c1600000,0x00000006c1600000,0x00000006cc100000)
 Metaspace       used 17539K, capacity 18602K, committed 18688K, reserved 1064960K
  class space    used 2572K, capacity 2805K, committed 2816K, reserved 1048576K
Event: 20.806 GC heap after
Heap after GC invocations=1 (full 0):
 PSYoungGen      total 76288K, used 10143K [0x000000076b200000, 0x0000000770700000, 0x00000007c0000000)
  eden space 65536K, 0% used [0x000000076b200000,0x000000076b200000,0x000000076f200000)
  from space 10752K, 94% used [0x000000076f200000,0x000000076fbe7f90,0x000000076fc80000)
  to   space 10752K, 0% used [0x000000076fc80000,0x000000076fc80000,0x0000000770700000)
 ParOldGen       total 175104K, used 2072K [0x00000006c1600000, 0x00000006cc100000, 0x000000076b200000)
  object space 175104K, 1% used [0x00000006c1600000,0x00000006c1806010,0x00000006cc100000)
 Metaspace       used 17539K, capacity 18602K, committed 18688K, reserved 1064960K
  class space    used 2572K, capacity 2805K, committed 2816K, reserved 1048576K
}
Event: 21.124 GC heap before
{Heap before GC invocations=2 (full 0):
 PSYoungGen      total 76288K, used 75661K [0x000000076b200000, 0x0000000770700000, 0x00000007c0000000)
  eden space 65536K, 99% used [0x000000076b200000,0x000000076f1fb730,0x000000076f200000)
  from space 10752K, 94% used [0x000000076f200000,0x000000076fbe7f90,0x000000076fc80000)
  to   space 10752K, 0% used [0x000000076fc80000,0x000000076fc80000,0x0000000770700000)
 ParOldGen       total 175104K, used 2072K [0x00000006c1600000, 0x00000006cc100000, 0x000000076b200000)
  object space 175104K, 1% used [0x00000006c1600000,0x00000006c1806010,0x00000006cc100000)
 Metaspace       used 17553K, capacity 18602K, committed 18688K, reserved 1064960K
  class space    used 2572K, capacity 2805K, committed 2816K, reserved 1048576K
Event: 21.135 GC heap after
Heap after GC invocations=2 (full 0):
 PSYoungGen      total 76288K, used 9219K [0x000000076b200000, 0x0000000774700000, 0x00000007c0000000)
  eden space 65536K, 0% used [0x000000076b200000,0x000000076b200000,0x000000076f200000)
  from space 10752K, 85% used [0x000000076fc80000,0x0000000770580c20,0x0000000770700000)
  to   space 10752K, 0% used [0x000000076f200000,0x000000076f200000,0x000000076fc80000)
 ParOldGen       total 175104K, used 6176K [0x00000006c1600000, 0x00000006cc100000, 0x000000076b200000)
  object space 175104K, 3% used [0x00000006c1600000,0x00000006c1c08030,0x00000006cc100000)
 Metaspace       used 17553K, capacity 18602K, committed 18688K, reserved 1064960K
  class space    used 2572K, capacity 2805K, committed 2816K, reserved 1048576K
}
Event: 21.503 GC heap before
{Heap before GC invocations=3 (full 0):
 PSYoungGen      total 76288K, used 74628K [0x000000076b200000, 0x0000000774700000, 0x00000007c0000000)
  eden space 65536K, 99% used [0x000000076b200000,0x000000076f1e0458,0x000000076f200000)
  from space 10752K, 85% used [0x000000076fc80000,0x0000000770580c20,0x0000000770700000)
  to   space 10752K, 0% used [0x000000076f200000,0x000000076f200000,0x000000076fc80000)
 ParOldGen       total 175104K, used 6176K [0x00000006c1600000, 0x00000006cc100000, 0x000000076b200000)
  object space 175104K, 3% used [0x00000006c1600000,0x00000006c1c08030,0x00000006cc100000)
 Metaspace       used 17560K, capacity 18730K, committed 18944K, reserved 1064960K
  class space    used 2572K, capacity 2805K, committed 2816K, reserved 1048576K
Event: 21.509 GC heap after
Heap after GC invocations=3 (full 0):
 PSYoungGen      total 76288K, used 7847K [0x000000076b200000, 0x0000000774700000, 0x00000007c0000000)
  eden space 65536K, 0% used [0x000000076b200000,0x000000076b200000,0x000000076f200000)
  from space 10752K, 72% used [0x000000076f200000,0x000000076f9a9de0,0x000000076fc80000)
  to   space 10752K, 0% used [0x0000000773c80000,0x0000000773c80000,0x0000000774700000)
 ParOldGen       total 175104K, used 6184K [0x00000006c1600000, 0x00000006cc100000, 0x000000076b200000)
  object space 175104K, 3% used [0x00000006c1600000,0x00000006c1c0a030,0x00000006cc100000)
 Metaspace       used 17560K, capacity 18730K, committed 18944K, reserved 1064960K
  class space    used 2572K, capacity 2805K, committed 2816K, reserved 1048576K
}
Event: 26.352 GC heap before
{Heap before GC invocations=4 (full 0):
 PSYoungGen      total 76288K, used 73287K [0x000000076b200000, 0x0000000774700000, 0x00000007c0000000)
  eden space 65536K, 99% used [0x000000076b200000,0x000000076f1e81e0,0x000000076f200000)
  from space 10752K, 72% used [0x000000076f200000,0x000000076f9a9de0,0x000000076fc80000)
  to   space 10752K, 0% used [0x0000000773c80000,0x0000000773c80000,0x0000000774700000)
 ParOldGen       total 175104K, used 6184K [0x00000006c1600000, 0x00000006cc100000, 0x000000076b200000)
  object space 175104K, 3% used [0x00000006c1600000,0x00000006c1c0a030,0x00000006cc100000)
 Metaspace       used 17716K, capacity 18818K, committed 18944K, reserved 1064960K
  class space    used 2578K, capacity 2811K, committed 2816K, reserved 1048576K
Event: 26.362 GC heap after
Heap after GC invocations=4 (full 0):
 PSYoungGen      total 141824K, used 7029K [0x000000076b200000, 0x0000000774700000, 0x00000007c0000000)
  eden space 131072K, 0% used [0x000000076b200000,0x000000076b200000,0x0000000773200000)
  from space 10752K, 65% used [0x0000000773c80000,0x000000077435d450,0x0000000774700000)
  to   space 10752K, 0% used [0x0000000773200000,0x0000000773200000,0x0000000773c80000)
 ParOldGen       total 175104K, used 6192K [0x00000006c1600000, 0x00000006cc100000, 0x000000076b200000)
  object space 175104K, 3% used [0x00000006c1600000,0x00000006c1c0c030,0x00000006cc100000)
 Metaspace       used 17716K, capacity 18818K, committed 18944K, reserved 1064960K
  class space    used 2578K, capacity 2811K, committed 2816K, reserved 1048576K
}
Event: 26.986 GC heap before
{Heap before GC invocations=5 (full 0):
 PSYoungGen      total 141824K, used 138055K [0x000000076b200000, 0x0000000774700000, 0x00000007c0000000)
  eden space 131072K, 99% used [0x000000076b200000,0x00000007731f4a08,0x0000000773200000)
  from space 10752K, 65% used [0x0000000773c80000,0x000000077435d450,0x0000000774700000)
  to   space 10752K, 0% used [0x0000000773200000,0x0000000773200000,0x0000000773c80000)
 ParOldGen       total 175104K, used 6192K [0x00000006c1600000, 0x00000006cc100000, 0x000000076b200000)
  object space 175104K, 3% used [0x00000006c1600000,0x00000006c1c0c030,0x00000006cc100000)
 Metaspace       used 17736K, capacity 18888K, committed 18944K, reserved 1064960K
  class space    used 2579K, capacity 2812K, committed 2816K, reserved 1048576K
Event: 26.993 GC heap after
Heap after GC invocations=5 (full 0):
 PSYoungGen      total 141824K, used 7338K [0x000000076b200000, 0x000000077c800000, 0x00000007c0000000)
  eden space 131072K, 0% used [0x000000076b200000,0x000000076b200000,0x0000000773200000)
  from space 10752K, 68% used [0x0000000773200000,0x000000077392ab60,0x0000000773c80000)
  to   space 11264K, 0% used [0x000000077bd00000,0x000000077bd00000,0x000000077c800000)
 ParOldGen       total 175104K, used 6200K [0x00000006c1600000, 0x00000006cc100000, 0x000000076b200000)
  object space 175104K, 3% used [0x00000006c1600000,0x00000006c1c0e030,0x00000006cc100000)
 Metaspace       used 17736K, capacity 18888K, committed 18944K, reserved 1064960K
  class space    used 2579K, capacity 2812K, committed 2816K, reserved 1048576K
}

